-------------------------------------------------------------------------------
Test set: lab.local_market_app.LocalmarketBackendApplicationTests
-------------------------------------------------------------------------------
Tests run: 1, Failures: 0, Errors: 1, Skipped: 0, Time elapsed: 5.723 s <<< FAILURE! - in lab.local_market_app.LocalmarketBackendApplicationTests
contextLoads(lab.local_market_app.LocalmarketBackendApplicationTests)  Time elapsed: 0.008 s  <<< ERROR!
java.lang.IllegalStateException: Failed to load ApplicationContext
Caused by: org.springframework.beans.factory.BeanCreationException: 
Error creating bean with name 'entityManagerFactory' defined in class path resource [org/springframework/boot/autoconfigure/orm/jpa/HibernateJpaConfiguration.class]: Initialization of bean failed; nested exception is org.springframework.jdbc.datasource.init.ScriptStatementFailedException: Failed to execute SQL script statement #1 of URL [file:/Users/cam/IdeaProjects/LAB_Local-Market-backend/target/classes/data.sql]: insert into Sellers(id, shop_name, lat, lng, url_photo) values (1, 'The Mug Store', 50.837670, 4.352490, 'https://source.unsplash.com/random/600x600/?shop') insert into Sellers(id, shop_name, lat, lng, url_photo) values (2, 'Cat Empire', 50.844614, 4.345716, 'https://source.unsplash.com/random/600x600/?stall',) insert into Sellers(id, shop_name, lat, lng, url_photo) values (3, 'Bubble blue', 50.828413, 4.373384, 'https://source.unsplash.com/random/600x600/?boutique') insert into Products(id, photo1, name, quantity, price, seller_id) values (1, 'https://source.unsplash.com/random/600x600/?mug', 'mug', 6, 12.99, 1) insert into Products(id, photo1, name, quantity, price, seller_id) values (2, 'https://source.unsplash.com/random/601x601/?mug', 'mug2', 2, 12.99, 2) insert into Products(id, photo1, name, quantity, price, seller_id) values (3, 'https://source.unsplash.com/random/602x602/?mug', 'mug3', 4, 12.99, 3) insert into Products(id, photo1, name, quantity, price, seller_id) values (4, 'https://source.unsplash.com/random/600x600/?cup', 'mug4', 6, 12.99, 1) insert into Products(id, photo1, name, quantity, price, seller_id) values (5,'https://source.unsplash.com/random/601x601/?cup', 'mug5', 6, 12.99, 2) INSERT INTO USER (ID, USERNAME, PASSWORD, FIRSTNAME, LASTNAME, EMAIL, ENABLED, LASTPASSWORDRESETDATE) VALUES (1, 'admin', '$2a$08$lDnHPz7eUkSi6ao14Twuau08mzhWrL4kyZGGU5xfiGALO/Vxd5DOi', 'admin', 'admin', 'admin@admin.com', 1, PARSEDATETIME('01-01-2019', 'dd-MM-yyyy')); nested exception is org.h2.jdbc.JdbcSQLSyntaxErrorException: Erreur de syntaxe dans l'instruction SQL "INSERT INTO SELLERS(ID, SHOP_NAME, LAT, LNG, URL_PHOTO) VALUES (1, 'The Mug Store', 50.837670, 4.352490, 'https://source.unsplash.com/random/600x600/?shop') INSERT[*] INTO SELLERS(ID, SHOP_NAME, LAT, LNG, URL_PHOTO) VALUES (2, 'Cat Empire', 50.844614, 4.345716, 'https://source.unsplash.com/random/600x600/?stall',) INSERT INTO SELLERS(ID, SHOP_NAME, LAT, LNG, URL_PHOTO) VALUES (3, 'Bubble blue', 50.828413, 4.373384, 'https://source.unsplash.com/random/600x600/?boutique') INSERT INTO PRODUCTS(ID, PHOTO1, NAME, QUANTITY, PRICE, SELLER_ID) VALUES (1, 'https://source.unsplash.com/random/600x600/?mug', 'mug', 6, 12.99, 1) INSERT INTO PRODUCTS(ID, PHOTO1, NAME, QUANTITY, PRICE, SELLER_ID) VALUES (2, 'https://source.unsplash.com/random/601x601/?mug', 'mug2', 2, 12.99, 2) INSERT INTO PRODUCTS(ID, PHOTO1, NAME, QUANTITY, PRICE, SELLER_ID) VALUES (3, 'https://source.unsplash.com/random/602x602/?mug', 'mug3', 4, 12.99, 3) INSERT INTO PRODUCTS(ID, PHOTO1, NAME, QUANTITY, PRICE, SELLER_ID) VALUES (4, 'https://source.unsplash.com/random/600x600/?cup', 'mug4', 6, 12.99, 1) INSERT INTO PRODUCTS(ID, PHOTO1, NAME, QUANTITY, PRICE, SELLER_ID) VALUES (5,'https://source.unsplash.com/random/601x601/?cup', 'mug5', 6, 12.99, 2) INSERT INTO USER (ID, USERNAME, PASSWORD, FIRSTNAME, LASTNAME, EMAIL, ENABLED, LASTPASSWORDRESETDATE) VALUES (1, 'admin', '$2a$08$lDnHPz7eUkSi6ao14Twuau08mzhWrL4kyZGGU5xfiGALO/Vxd5DOi', 'admin', 'admin', 'admin@admin.com', 1, PARSEDATETIME('01-01-2019', 'dd-MM-yyyy')) "
Syntax error in SQL statement "INSERT INTO SELLERS(ID, SHOP_NAME, LAT, LNG, URL_PHOTO) VALUES (1, 'The Mug Store', 50.837670, 4.352490, 'https://source.unsplash.com/random/600x600/?shop') INSERT[*] INTO SELLERS(ID, SHOP_NAME, LAT, LNG, URL_PHOTO) VALUES (2, 'Cat Empire', 50.844614, 4.345716, 'https://source.unsplash.com/random/600x600/?stall',) INSERT INTO SELLERS(ID, SHOP_NAME, LAT, LNG, URL_PHOTO) VALUES (3, 'Bubble blue', 50.828413, 4.373384, 'https://source.unsplash.com/random/600x600/?boutique') INSERT INTO PRODUCTS(ID, PHOTO1, NAME, QUANTITY, PRICE, SELLER_ID) VALUES (1, 'https://source.unsplash.com/random/600x600/?mug', 'mug', 6, 12.99, 1) INSERT INTO PRODUCTS(ID, PHOTO1, NAME, QUANTITY, PRICE, SELLER_ID) VALUES (2, 'https://source.unsplash.com/random/601x601/?mug', 'mug2', 2, 12.99, 2) INSERT INTO PRODUCTS(ID, PHOTO1, NAME, QUANTITY, PRICE, SELLER_ID) VALUES (3, 'https://source.unsplash.com/random/602x602/?mug', 'mug3', 4, 12.99, 3) INSERT INTO PRODUCTS(ID, PHOTO1, NAME, QUANTITY, PRICE, SELLER_ID) VALUES (4, 'https://source.unsplash.com/random/600x600/?cup', 'mug4', 6, 12.99, 1) INSERT INTO PRODUCTS(ID, PHOTO1, NAME, QUANTITY, PRICE, SELLER_ID) VALUES (5,'https://source.unsplash.com/random/601x601/?cup', 'mug5', 6, 12.99, 2) INSERT INTO USER (ID, USERNAME, PASSWORD, FIRSTNAME, LASTNAME, EMAIL, ENABLED, LASTPASSWORDRESETDATE) VALUES (1, 'admin', '$2a$08$lDnHPz7eUkSi6ao14Twuau08mzhWrL4kyZGGU5xfiGALO/Vxd5DOi', 'admin', 'admin', 'admin@admin.com', 1, PARSEDATETIME('01-01-2019', 'dd-MM-yyyy')) "; SQL statement:
insert into Sellers(id, shop_name, lat, lng, url_photo) values (1, 'The Mug Store', 50.837670, 4.352490, 'https://source.unsplash.com/random/600x600/?shop') insert into Sellers(id, shop_name, lat, lng, url_photo) values (2, 'Cat Empire', 50.844614, 4.345716, 'https://source.unsplash.com/random/600x600/?stall',) insert into Sellers(id, shop_name, lat, lng, url_photo) values (3, 'Bubble blue', 50.828413, 4.373384, 'https://source.unsplash.com/random/600x600/?boutique') insert into Products(id, photo1, name, quantity, price, seller_id) values (1, 'https://source.unsplash.com/random/600x600/?mug', 'mug', 6, 12.99, 1) insert into Products(id, photo1, name, quantity, price, seller_id) values (2, 'https://source.unsplash.com/random/601x601/?mug', 'mug2', 2, 12.99, 2) insert into Products(id, photo1, name, quantity, price, seller_id) values (3, 'https://source.unsplash.com/random/602x602/?mug', 'mug3', 4, 12.99, 3) insert into Products(id, photo1, name, quantity, price, seller_id) values (4, 'https://source.unsplash.com/random/600x600/?cup', 'mug4', 6, 12.99, 1) insert into Products(id, photo1, name, quantity, price, seller_id) values (5,'https://source.unsplash.com/random/601x601/?cup', 'mug5', 6, 12.99, 2) INSERT INTO USER (ID, USERNAME, PASSWORD, FIRSTNAME, LASTNAME, EMAIL, ENABLED, LASTPASSWORDRESETDATE) VALUES (1, 'admin', '$2a$08$lDnHPz7eUkSi6ao14Twuau08mzhWrL4kyZGGU5xfiGALO/Vxd5DOi', 'admin', 'admin', 'admin@admin.com', 1, PARSEDATETIME('01-01-2019', 'dd-MM-yyyy')) [42000-199]
Caused by: org.springframework.jdbc.datasource.init.ScriptStatementFailedException: 
Failed to execute SQL script statement #1 of URL [file:/Users/cam/IdeaProjects/LAB_Local-Market-backend/target/classes/data.sql]: insert into Sellers(id, shop_name, lat, lng, url_photo) values (1, 'The Mug Store', 50.837670, 4.352490, 'https://source.unsplash.com/random/600x600/?shop') insert into Sellers(id, shop_name, lat, lng, url_photo) values (2, 'Cat Empire', 50.844614, 4.345716, 'https://source.unsplash.com/random/600x600/?stall',) insert into Sellers(id, shop_name, lat, lng, url_photo) values (3, 'Bubble blue', 50.828413, 4.373384, 'https://source.unsplash.com/random/600x600/?boutique') insert into Products(id, photo1, name, quantity, price, seller_id) values (1, 'https://source.unsplash.com/random/600x600/?mug', 'mug', 6, 12.99, 1) insert into Products(id, photo1, name, quantity, price, seller_id) values (2, 'https://source.unsplash.com/random/601x601/?mug', 'mug2', 2, 12.99, 2) insert into Products(id, photo1, name, quantity, price, seller_id) values (3, 'https://source.unsplash.com/random/602x602/?mug', 'mug3', 4, 12.99, 3) insert into Products(id, photo1, name, quantity, price, seller_id) values (4, 'https://source.unsplash.com/random/600x600/?cup', 'mug4', 6, 12.99, 1) insert into Products(id, photo1, name, quantity, price, seller_id) values (5,'https://source.unsplash.com/random/601x601/?cup', 'mug5', 6, 12.99, 2) INSERT INTO USER (ID, USERNAME, PASSWORD, FIRSTNAME, LASTNAME, EMAIL, ENABLED, LASTPASSWORDRESETDATE) VALUES (1, 'admin', '$2a$08$lDnHPz7eUkSi6ao14Twuau08mzhWrL4kyZGGU5xfiGALO/Vxd5DOi', 'admin', 'admin', 'admin@admin.com', 1, PARSEDATETIME('01-01-2019', 'dd-MM-yyyy')); nested exception is org.h2.jdbc.JdbcSQLSyntaxErrorException: Erreur de syntaxe dans l'instruction SQL "INSERT INTO SELLERS(ID, SHOP_NAME, LAT, LNG, URL_PHOTO) VALUES (1, 'The Mug Store', 50.837670, 4.352490, 'https://source.unsplash.com/random/600x600/?shop') INSERT[*] INTO SELLERS(ID, SHOP_NAME, LAT, LNG, URL_PHOTO) VALUES (2, 'Cat Empire', 50.844614, 4.345716, 'https://source.unsplash.com/random/600x600/?stall',) INSERT INTO SELLERS(ID, SHOP_NAME, LAT, LNG, URL_PHOTO) VALUES (3, 'Bubble blue', 50.828413, 4.373384, 'https://source.unsplash.com/random/600x600/?boutique') INSERT INTO PRODUCTS(ID, PHOTO1, NAME, QUANTITY, PRICE, SELLER_ID) VALUES (1, 'https://source.unsplash.com/random/600x600/?mug', 'mug', 6, 12.99, 1) INSERT INTO PRODUCTS(ID, PHOTO1, NAME, QUANTITY, PRICE, SELLER_ID) VALUES (2, 'https://source.unsplash.com/random/601x601/?mug', 'mug2', 2, 12.99, 2) INSERT INTO PRODUCTS(ID, PHOTO1, NAME, QUANTITY, PRICE, SELLER_ID) VALUES (3, 'https://source.unsplash.com/random/602x602/?mug', 'mug3', 4, 12.99, 3) INSERT INTO PRODUCTS(ID, PHOTO1, NAME, QUANTITY, PRICE, SELLER_ID) VALUES (4, 'https://source.unsplash.com/random/600x600/?cup', 'mug4', 6, 12.99, 1) INSERT INTO PRODUCTS(ID, PHOTO1, NAME, QUANTITY, PRICE, SELLER_ID) VALUES (5,'https://source.unsplash.com/random/601x601/?cup', 'mug5', 6, 12.99, 2) INSERT INTO USER (ID, USERNAME, PASSWORD, FIRSTNAME, LASTNAME, EMAIL, ENABLED, LASTPASSWORDRESETDATE) VALUES (1, 'admin', '$2a$08$lDnHPz7eUkSi6ao14Twuau08mzhWrL4kyZGGU5xfiGALO/Vxd5DOi', 'admin', 'admin', 'admin@admin.com', 1, PARSEDATETIME('01-01-2019', 'dd-MM-yyyy')) "
Syntax error in SQL statement "INSERT INTO SELLERS(ID, SHOP_NAME, LAT, LNG, URL_PHOTO) VALUES (1, 'The Mug Store', 50.837670, 4.352490, 'https://source.unsplash.com/random/600x600/?shop') INSERT[*] INTO SELLERS(ID, SHOP_NAME, LAT, LNG, URL_PHOTO) VALUES (2, 'Cat Empire', 50.844614, 4.345716, 'https://source.unsplash.com/random/600x600/?stall',) INSERT INTO SELLERS(ID, SHOP_NAME, LAT, LNG, URL_PHOTO) VALUES (3, 'Bubble blue', 50.828413, 4.373384, 'https://source.unsplash.com/random/600x600/?boutique') INSERT INTO PRODUCTS(ID, PHOTO1, NAME, QUANTITY, PRICE, SELLER_ID) VALUES (1, 'https://source.unsplash.com/random/600x600/?mug', 'mug', 6, 12.99, 1) INSERT INTO PRODUCTS(ID, PHOTO1, NAME, QUANTITY, PRICE, SELLER_ID) VALUES (2, 'https://source.unsplash.com/random/601x601/?mug', 'mug2', 2, 12.99, 2) INSERT INTO PRODUCTS(ID, PHOTO1, NAME, QUANTITY, PRICE, SELLER_ID) VALUES (3, 'https://source.unsplash.com/random/602x602/?mug', 'mug3', 4, 12.99, 3) INSERT INTO PRODUCTS(ID, PHOTO1, NAME, QUANTITY, PRICE, SELLER_ID) VALUES (4, 'https://source.unsplash.com/random/600x600/?cup', 'mug4', 6, 12.99, 1) INSERT INTO PRODUCTS(ID, PHOTO1, NAME, QUANTITY, PRICE, SELLER_ID) VALUES (5,'https://source.unsplash.com/random/601x601/?cup', 'mug5', 6, 12.99, 2) INSERT INTO USER (ID, USERNAME, PASSWORD, FIRSTNAME, LASTNAME, EMAIL, ENABLED, LASTPASSWORDRESETDATE) VALUES (1, 'admin', '$2a$08$lDnHPz7eUkSi6ao14Twuau08mzhWrL4kyZGGU5xfiGALO/Vxd5DOi', 'admin', 'admin', 'admin@admin.com', 1, PARSEDATETIME('01-01-2019', 'dd-MM-yyyy')) "; SQL statement:
insert into Sellers(id, shop_name, lat, lng, url_photo) values (1, 'The Mug Store', 50.837670, 4.352490, 'https://source.unsplash.com/random/600x600/?shop') insert into Sellers(id, shop_name, lat, lng, url_photo) values (2, 'Cat Empire', 50.844614, 4.345716, 'https://source.unsplash.com/random/600x600/?stall',) insert into Sellers(id, shop_name, lat, lng, url_photo) values (3, 'Bubble blue', 50.828413, 4.373384, 'https://source.unsplash.com/random/600x600/?boutique') insert into Products(id, photo1, name, quantity, price, seller_id) values (1, 'https://source.unsplash.com/random/600x600/?mug', 'mug', 6, 12.99, 1) insert into Products(id, photo1, name, quantity, price, seller_id) values (2, 'https://source.unsplash.com/random/601x601/?mug', 'mug2', 2, 12.99, 2) insert into Products(id, photo1, name, quantity, price, seller_id) values (3, 'https://source.unsplash.com/random/602x602/?mug', 'mug3', 4, 12.99, 3) insert into Products(id, photo1, name, quantity, price, seller_id) values (4, 'https://source.unsplash.com/random/600x600/?cup', 'mug4', 6, 12.99, 1) insert into Products(id, photo1, name, quantity, price, seller_id) values (5,'https://source.unsplash.com/random/601x601/?cup', 'mug5', 6, 12.99, 2) INSERT INTO USER (ID, USERNAME, PASSWORD, FIRSTNAME, LASTNAME, EMAIL, ENABLED, LASTPASSWORDRESETDATE) VALUES (1, 'admin', '$2a$08$lDnHPz7eUkSi6ao14Twuau08mzhWrL4kyZGGU5xfiGALO/Vxd5DOi', 'admin', 'admin', 'admin@admin.com', 1, PARSEDATETIME('01-01-2019', 'dd-MM-yyyy')) [42000-199]
Caused by: org.h2.jdbc.JdbcSQLSyntaxErrorException: 
Erreur de syntaxe dans l'instruction SQL "INSERT INTO SELLERS(ID, SHOP_NAME, LAT, LNG, URL_PHOTO) VALUES (1, 'The Mug Store', 50.837670, 4.352490, 'https://source.unsplash.com/random/600x600/?shop') INSERT[*] INTO SELLERS(ID, SHOP_NAME, LAT, LNG, URL_PHOTO) VALUES (2, 'Cat Empire', 50.844614, 4.345716, 'https://source.unsplash.com/random/600x600/?stall',) INSERT INTO SELLERS(ID, SHOP_NAME, LAT, LNG, URL_PHOTO) VALUES (3, 'Bubble blue', 50.828413, 4.373384, 'https://source.unsplash.com/random/600x600/?boutique') INSERT INTO PRODUCTS(ID, PHOTO1, NAME, QUANTITY, PRICE, SELLER_ID) VALUES (1, 'https://source.unsplash.com/random/600x600/?mug', 'mug', 6, 12.99, 1) INSERT INTO PRODUCTS(ID, PHOTO1, NAME, QUANTITY, PRICE, SELLER_ID) VALUES (2, 'https://source.unsplash.com/random/601x601/?mug', 'mug2', 2, 12.99, 2) INSERT INTO PRODUCTS(ID, PHOTO1, NAME, QUANTITY, PRICE, SELLER_ID) VALUES (3, 'https://source.unsplash.com/random/602x602/?mug', 'mug3', 4, 12.99, 3) INSERT INTO PRODUCTS(ID, PHOTO1, NAME, QUANTITY, PRICE, SELLER_ID) VALUES (4, 'https://source.unsplash.com/random/600x600/?cup', 'mug4', 6, 12.99, 1) INSERT INTO PRODUCTS(ID, PHOTO1, NAME, QUANTITY, PRICE, SELLER_ID) VALUES (5,'https://source.unsplash.com/random/601x601/?cup', 'mug5', 6, 12.99, 2) INSERT INTO USER (ID, USERNAME, PASSWORD, FIRSTNAME, LASTNAME, EMAIL, ENABLED, LASTPASSWORDRESETDATE) VALUES (1, 'admin', '$2a$08$lDnHPz7eUkSi6ao14Twuau08mzhWrL4kyZGGU5xfiGALO/Vxd5DOi', 'admin', 'admin', 'admin@admin.com', 1, PARSEDATETIME('01-01-2019', 'dd-MM-yyyy')) "
Syntax error in SQL statement "INSERT INTO SELLERS(ID, SHOP_NAME, LAT, LNG, URL_PHOTO) VALUES (1, 'The Mug Store', 50.837670, 4.352490, 'https://source.unsplash.com/random/600x600/?shop') INSERT[*] INTO SELLERS(ID, SHOP_NAME, LAT, LNG, URL_PHOTO) VALUES (2, 'Cat Empire', 50.844614, 4.345716, 'https://source.unsplash.com/random/600x600/?stall',) INSERT INTO SELLERS(ID, SHOP_NAME, LAT, LNG, URL_PHOTO) VALUES (3, 'Bubble blue', 50.828413, 4.373384, 'https://source.unsplash.com/random/600x600/?boutique') INSERT INTO PRODUCTS(ID, PHOTO1, NAME, QUANTITY, PRICE, SELLER_ID) VALUES (1, 'https://source.unsplash.com/random/600x600/?mug', 'mug', 6, 12.99, 1) INSERT INTO PRODUCTS(ID, PHOTO1, NAME, QUANTITY, PRICE, SELLER_ID) VALUES (2, 'https://source.unsplash.com/random/601x601/?mug', 'mug2', 2, 12.99, 2) INSERT INTO PRODUCTS(ID, PHOTO1, NAME, QUANTITY, PRICE, SELLER_ID) VALUES (3, 'https://source.unsplash.com/random/602x602/?mug', 'mug3', 4, 12.99, 3) INSERT INTO PRODUCTS(ID, PHOTO1, NAME, QUANTITY, PRICE, SELLER_ID) VALUES (4, 'https://source.unsplash.com/random/600x600/?cup', 'mug4', 6, 12.99, 1) INSERT INTO PRODUCTS(ID, PHOTO1, NAME, QUANTITY, PRICE, SELLER_ID) VALUES (5,'https://source.unsplash.com/random/601x601/?cup', 'mug5', 6, 12.99, 2) INSERT INTO USER (ID, USERNAME, PASSWORD, FIRSTNAME, LASTNAME, EMAIL, ENABLED, LASTPASSWORDRESETDATE) VALUES (1, 'admin', '$2a$08$lDnHPz7eUkSi6ao14Twuau08mzhWrL4kyZGGU5xfiGALO/Vxd5DOi', 'admin', 'admin', 'admin@admin.com', 1, PARSEDATETIME('01-01-2019', 'dd-MM-yyyy')) "; SQL statement:
insert into Sellers(id, shop_name, lat, lng, url_photo) values (1, 'The Mug Store', 50.837670, 4.352490, 'https://source.unsplash.com/random/600x600/?shop') insert into Sellers(id, shop_name, lat, lng, url_photo) values (2, 'Cat Empire', 50.844614, 4.345716, 'https://source.unsplash.com/random/600x600/?stall',) insert into Sellers(id, shop_name, lat, lng, url_photo) values (3, 'Bubble blue', 50.828413, 4.373384, 'https://source.unsplash.com/random/600x600/?boutique') insert into Products(id, photo1, name, quantity, price, seller_id) values (1, 'https://source.unsplash.com/random/600x600/?mug', 'mug', 6, 12.99, 1) insert into Products(id, photo1, name, quantity, price, seller_id) values (2, 'https://source.unsplash.com/random/601x601/?mug', 'mug2', 2, 12.99, 2) insert into Products(id, photo1, name, quantity, price, seller_id) values (3, 'https://source.unsplash.com/random/602x602/?mug', 'mug3', 4, 12.99, 3) insert into Products(id, photo1, name, quantity, price, seller_id) values (4, 'https://source.unsplash.com/random/600x600/?cup', 'mug4', 6, 12.99, 1) insert into Products(id, photo1, name, quantity, price, seller_id) values (5,'https://source.unsplash.com/random/601x601/?cup', 'mug5', 6, 12.99, 2) INSERT INTO USER (ID, USERNAME, PASSWORD, FIRSTNAME, LASTNAME, EMAIL, ENABLED, LASTPASSWORDRESETDATE) VALUES (1, 'admin', '$2a$08$lDnHPz7eUkSi6ao14Twuau08mzhWrL4kyZGGU5xfiGALO/Vxd5DOi', 'admin', 'admin', 'admin@admin.com', 1, PARSEDATETIME('01-01-2019', 'dd-MM-yyyy')) [42000-199]

